<?xml version="1.0" encoding="UTF-8"?>
<!-- Generated by org.testng.reporters.JUnitReportReporter -->
<testsuite skipped="0" hostname="AS-40" name="RTA_FleetAndAdmin.Admin_GetGobId_Test" tests="5" failures="0" timestamp="2023-01-16T10:37:46 EET" time="43.899" errors="0">
  <testcase name="setup" time="3.390" classname="RTA_FleetAndAdmin.Admin_GetGobId_Test"/>
  <system-out/>
  <testcase name="loginTest" time="8.072" classname="RTA_FleetAndAdmin.Admin_GetGobId_Test"/>
  <system-out/>
  <testcase name="OpenRequest" time="12.686" classname="RTA_FleetAndAdmin.Admin_GetGobId_Test"/>
  <system-out/>
  <testcase name="SearchWithMobileNumber" time="16.653" classname="RTA_FleetAndAdmin.Admin_GetGobId_Test"/>
  <system-out/>
  <testcase name="GetRequestAndJobOrderID" time="3.098" classname="RTA_FleetAndAdmin.Admin_GetGobId_Test"/>
  <system-out/>
</testsuite> <!-- RTA_FleetAndAdmin.Admin_GetGobId_Test -->
