<?xml version="1.0" encoding="UTF-8"?>
<!-- Generated by org.testng.reporters.JUnitReportReporter -->
<testsuite skipped="0" hostname="AS-40" name="login.ClickloginbuttonfromHomescreenTest" tests="7" failures="0" timestamp="2023-01-16T16:04:24 EET" time="24.949" errors="0">
  <testcase name="clcikLogin" time="4.464" classname="login.ClickloginbuttonfromHomescreenTest"/>
  <system-out/>
  <testcase name="SelectCountyCode" time="1.704" classname="login.ClickloginbuttonfromHomescreenTest"/>
  <system-out/>
  <testcase name="Searchforcounrty" time="2.562" classname="login.ClickloginbuttonfromHomescreenTest"/>
  <system-out/>
  <testcase name="SelectEgypt" time="1.882" classname="login.ClickloginbuttonfromHomescreenTest"/>
  <system-out/>
  <testcase name="add_RTA_MobileNumber" time="2.298" classname="login.ClickloginbuttonfromHomescreenTest"/>
  <system-out/>
  <testcase name="clickContinue" time="2.033" classname="login.ClickloginbuttonfromHomescreenTest"/>
  <system-out/>
  <testcase name="getotpRTA" time="10.006" classname="login.ClickloginbuttonfromHomescreenTest"/>
  <system-out/>
</testsuite> <!-- login.ClickloginbuttonfromHomescreenTest -->
