<?xml version="1.0" encoding="UTF-8"?>
<!-- Generated by org.testng.reporters.JUnitReportReporter -->
<testsuite skipped="0" hostname="AS-40" name="DubaiPoliceAccount.SelectYearTest" tests="2" failures="0" timestamp="2023-01-09T11:13:08 EET" time="3.384" errors="0">
  <testcase name="ClickYearTest" time="1.648" classname="DubaiPoliceAccount.SelectYearTest"/>
  <system-out/>
  <testcase name="SelectYearItemTest" time="1.736" classname="DubaiPoliceAccount.SelectYearTest"/>
  <system-out/>
</testsuite> <!-- DubaiPoliceAccount.SelectYearTest -->
