<?xml version="1.0" encoding="UTF-8"?>
<!-- Generated by org.testng.reporters.JUnitReportReporter -->
<testsuite skipped="0" hostname="AS-40" name="RTA_FleetAndAdmin.Fleet_Towing_AssignRequest_Test" tests="9" failures="0" timestamp="2023-01-16T10:37:46 EET" time="73.786" errors="0">
  <testcase name="setup" time="5.768" classname="RTA_FleetAndAdmin.Fleet_Towing_AssignRequest_Test"/>
  <system-out/>
  <testcase name="loginTest" time="20.070" classname="RTA_FleetAndAdmin.Fleet_Towing_AssignRequest_Test"/>
  <system-out/>
  <testcase name="SearchWithjoborderId" time="0.205" classname="RTA_FleetAndAdmin.Fleet_Towing_AssignRequest_Test"/>
  <system-out/>
  <testcase name="clcikAction" time="5.191" classname="RTA_FleetAndAdmin.Fleet_Towing_AssignRequest_Test"/>
  <system-out/>
  <testcase name="Clickdetails" time="5.187" classname="RTA_FleetAndAdmin.Fleet_Towing_AssignRequest_Test"/>
  <system-out/>
  <testcase name="clcikAssignbutton" time="8.191" classname="RTA_FleetAndAdmin.Fleet_Towing_AssignRequest_Test"/>
  <system-out/>
  <testcase name="SerchWithdriverName" time="3.238" classname="RTA_FleetAndAdmin.Fleet_Towing_AssignRequest_Test"/>
  <system-out/>
  <testcase name="selectdriverfromList" time="20.739" classname="RTA_FleetAndAdmin.Fleet_Towing_AssignRequest_Test"/>
  <system-out/>
  <testcase name="confirmAssign" time="5.197" classname="RTA_FleetAndAdmin.Fleet_Towing_AssignRequest_Test"/>
  <system-out/>
</testsuite> <!-- RTA_FleetAndAdmin.Fleet_Towing_AssignRequest_Test -->
