<?xml version="1.0" encoding="UTF-8"?>
<!-- Generated by org.testng.reporters.JUnitReportReporter -->
<testsuite skipped="0" hostname="AS-40" name="DubaiPoliceAccount.UpdatePlateDataSectionTest" tests="1" failures="0" timestamp="2023-01-09T12:05:49 EET" time="5.421" errors="0">
  <testcase name="ClickownerdataTest" time="5.421" classname="DubaiPoliceAccount.UpdatePlateDataSectionTest"/>
  <system-out/>
</testsuite> <!-- DubaiPoliceAccount.UpdatePlateDataSectionTest -->
