<?xml version="1.0" encoding="UTF-8"?>
<!-- Generated by org.testng.reporters.JUnitReportReporter -->
<testsuite skipped="20" hostname="AS-40" name="DubaiPoliceAccount.AddPoliceDataTest" tests="20" failures="0" timestamp="2022-12-18T11:05:23 EET" time="0.000" errors="0">
  <testcase name="addName" time="0.000" classname="DubaiPoliceAccount.AddPoliceDataTest">
    <skipped/>
  </testcase> <!-- addName -->
  <system-out/>
  <testcase name="addmilitaryNumber" time="0.000" classname="DubaiPoliceAccount.AddPoliceDataTest">
    <skipped/>
  </testcase> <!-- addmilitaryNumber -->
  <system-out/>
  <testcase name="clickRank" time="0.000" classname="DubaiPoliceAccount.AddPoliceDataTest">
    <skipped/>
  </testcase> <!-- clickRank -->
  <system-out/>
  <testcase name="preformdragsheetout" time="0.000" classname="DubaiPoliceAccount.AddPoliceDataTest">
    <skipped/>
  </testcase> <!-- preformdragsheetout -->
  <system-out/>
  <testcase name="selectRankItem" time="0.000" classname="DubaiPoliceAccount.AddPoliceDataTest">
    <skipped/>
  </testcase> <!-- selectRankItem -->
  <system-out/>
  <testcase name="preformScrollDownAction" time="0.000" classname="DubaiPoliceAccount.AddPoliceDataTest">
    <skipped/>
  </testcase> <!-- preformScrollDownAction -->
  <system-out/>
  <testcase name="addValidepartment" time="0.000" classname="DubaiPoliceAccount.AddPoliceDataTest">
    <skipped/>
  </testcase> <!-- addValidepartment -->
  <system-out/>
  <testcase name="clickStationstation" time="0.000" classname="DubaiPoliceAccount.AddPoliceDataTest">
    <skipped/>
  </testcase> <!-- clickStationstation -->
  <system-out/>
  <testcase name="preformdragsheetoutt" time="0.000" classname="DubaiPoliceAccount.AddPoliceDataTest">
    <skipped/>
  </testcase> <!-- preformdragsheetoutt -->
  <system-out/>
  <testcase name="selectstationItem" time="0.000" classname="DubaiPoliceAccount.AddPoliceDataTest">
    <skipped/>
  </testcase> <!-- selectstationItem -->
  <system-out/>
  <testcase name="clcikSigniture" time="0.000" classname="DubaiPoliceAccount.AddPoliceDataTest">
    <skipped/>
  </testcase> <!-- clcikSigniture -->
  <system-out/>
  <testcase name="signinAction" time="0.000" classname="DubaiPoliceAccount.AddPoliceDataTest">
    <skipped/>
  </testcase> <!-- signinAction -->
  <system-out/>
  <testcase name="clearsigninAction" time="0.000" classname="DubaiPoliceAccount.AddPoliceDataTest">
    <skipped/>
  </testcase> <!-- clearsigninAction -->
  <system-out/>
  <testcase name="savesigninAction" time="0.000" classname="DubaiPoliceAccount.AddPoliceDataTest">
    <skipped/>
  </testcase> <!-- savesigninAction -->
  <system-out/>
  <testcase name="validatesignINErrorMessage" time="0.000" classname="DubaiPoliceAccount.AddPoliceDataTest">
    <skipped/>
  </testcase> <!-- validatesignINErrorMessage -->
  <system-out/>
  <testcase name="closesignuture" time="0.000" classname="DubaiPoliceAccount.AddPoliceDataTest">
    <skipped/>
  </testcase> <!-- closesignuture -->
  <system-out/>
  <testcase name="clcikSigniture2" time="0.000" classname="DubaiPoliceAccount.AddPoliceDataTest">
    <skipped/>
  </testcase> <!-- clcikSigniture2 -->
  <system-out/>
  <testcase name="signin2Action" time="0.000" classname="DubaiPoliceAccount.AddPoliceDataTest">
    <skipped/>
  </testcase> <!-- signin2Action -->
  <system-out/>
  <testcase name="savesigninAction2" time="0.000" classname="DubaiPoliceAccount.AddPoliceDataTest">
    <skipped/>
  </testcase> <!-- savesigninAction2 -->
  <system-out/>
  <testcase name="clciksave2" time="0.000" classname="DubaiPoliceAccount.AddPoliceDataTest">
    <skipped/>
  </testcase> <!-- clciksave2 -->
  <system-out/>
</testsuite> <!-- DubaiPoliceAccount.AddPoliceDataTest -->
