<?xml version="1.0" encoding="UTF-8"?>
<!-- Generated by org.testng.reporters.JUnitReportReporter -->
<testsuite skipped="0" hostname="AS-40" name="DubaiPoliceAccount.ImageHappyPathTest" tests="5" failures="0" timestamp="2023-01-16T14:56:12 EET" time="12.286" errors="0">
  <testcase name="takeImage" time="1.714" classname="DubaiPoliceAccount.ImageHappyPathTest"/>
  <system-out/>
  <testcase name="allowcameraPermission" time="1.755" classname="DubaiPoliceAccount.ImageHappyPathTest"/>
  <system-out/>
  <testcase name="cameraTakeImage" time="2.562" classname="DubaiPoliceAccount.ImageHappyPathTest"/>
  <system-out/>
  <testcase name="ConfirmImage" time="3.469" classname="DubaiPoliceAccount.ImageHappyPathTest"/>
  <system-out/>
  <testcase name="ConfirmImagebutton" time="2.786" classname="DubaiPoliceAccount.ImageHappyPathTest"/>
  <system-out/>
</testsuite> <!-- DubaiPoliceAccount.ImageHappyPathTest -->
