<?xml version="1.0" encoding="UTF-8"?>
<!-- Generated by org.testng.reporters.JUnitReportReporter -->
<testsuite skipped="0" hostname="AS-40" name="RTA.validPickUPLocationTest" tests="3" failures="0" timestamp="2023-01-16T10:37:46 EET" time="8.665" errors="0">
  <testcase name="Addingvalidpickup" time="4.267" classname="RTA.validPickUPLocationTest"/>
  <system-out/>
  <testcase name="SendPickupLocation" time="2.476" classname="RTA.validPickUPLocationTest"/>
  <system-out/>
  <testcase name="ClickSearchresultItem" time="1.922" classname="RTA.validPickUPLocationTest"/>
  <system-out/>
</testsuite> <!-- RTA.validPickUPLocationTest -->
