<?xml version="1.0" encoding="UTF-8"?>
<!-- Generated by org.testng.reporters.JUnitReportReporter -->
<testsuite skipped="0" hostname="AS-40" name="DubaiPoliceAccount.RequestCancelFromAppTest" tests="5" failures="0" timestamp="2023-01-16T14:27:41 EET" time="20.933" errors="0">
  <testcase name="ClickFristItemRequestHistory" time="3.391" classname="DubaiPoliceAccount.RequestCancelFromAppTest"/>
  <system-out/>
  <testcase name="preformScrollAction" time="2.350" classname="DubaiPoliceAccount.RequestCancelFromAppTest"/>
  <system-out/>
  <testcase name="CancelRequestFromAppTest" time="1.583" classname="DubaiPoliceAccount.RequestCancelFromAppTest"/>
  <system-out/>
  <testcase name="confirmCancelRequestFromAppTest" time="1.685" classname="DubaiPoliceAccount.RequestCancelFromAppTest"/>
  <system-out/>
  <testcase name="AssertCancelStatus" time="11.924" classname="DubaiPoliceAccount.RequestCancelFromAppTest"/>
  <system-out/>
</testsuite> <!-- DubaiPoliceAccount.RequestCancelFromAppTest -->
