<?xml version="1.0" encoding="UTF-8"?>
<!-- Generated by org.testng.reporters.JUnitReportReporter -->
<testsuite skipped="1" hostname="AS-40" name="common.ProfilefromMenuTest" tests="1" failures="0" timestamp="2022-12-18T11:05:23 EET" time="0.000" errors="0">
  <testcase name="ClickProfile" time="0.000" classname="common.ProfilefromMenuTest">
    <skipped/>
  </testcase> <!-- ClickProfile -->
  <system-out/>
</testsuite> <!-- common.ProfilefromMenuTest -->
