<?xml version="1.0" encoding="UTF-8"?>
<!-- Generated by org.testng.reporters.JUnitReportReporter -->
<testsuite skipped="2" hostname="AS-40" name="common.allowLocationPermissionTest2" tests="2" failures="0" timestamp="2022-12-18T11:13:50 EET" time="0.000" errors="0">
  <testcase name="clcallowLocationbutton" time="0.000" classname="common.allowLocationPermissionTest2">
    <skipped/>
  </testcase> <!-- clcallowLocationbutton -->
  <system-out/>
  <testcase name="clickallowLocationbutton2" time="0.000" classname="common.allowLocationPermissionTest2">
    <skipped/>
  </testcase> <!-- clickallowLocationbutton2 -->
  <system-out/>
</testsuite> <!-- common.allowLocationPermissionTest2 -->
