<?xml version="1.0" encoding="UTF-8"?>
<!-- Generated by org.testng.reporters.JUnitReportReporter -->
<testsuite skipped="0" hostname="AS-40" name="DubaiPoliceAccount.PlatedataTest" tests="11" failures="0" timestamp="2023-01-09T11:13:08 EET" time="18.266" errors="0">
  <testcase name="ClickEmirateListTest" time="1.661" classname="DubaiPoliceAccount.PlatedataTest"/>
  <system-out/>
  <testcase name="ClickEmirateListItemTest" time="1.630" classname="DubaiPoliceAccount.PlatedataTest"/>
  <system-out/>
  <testcase name="ClickCodeListTest" time="1.591" classname="DubaiPoliceAccount.PlatedataTest"/>
  <system-out/>
  <testcase name="ClickcodeItemListTest" time="1.706" classname="DubaiPoliceAccount.PlatedataTest"/>
  <system-out/>
  <testcase name="AddPlateNumberTest" time="1.761" classname="DubaiPoliceAccount.PlatedataTest"/>
  <system-out/>
  <testcase name="SwitchToggleOffTest" time="1.678" classname="DubaiPoliceAccount.PlatedataTest"/>
  <system-out/>
  <testcase name="SwitchToggleONTest" time="1.546" classname="DubaiPoliceAccount.PlatedataTest"/>
  <system-out/>
  <testcase name="ClickEmirateListTest2" time="1.688" classname="DubaiPoliceAccount.PlatedataTest"/>
  <system-out/>
  <testcase name="ClickEmirateListItemTest2" time="1.683" classname="DubaiPoliceAccount.PlatedataTest"/>
  <system-out/>
  <testcase name="AddPlateNumberTest2" time="1.615" classname="DubaiPoliceAccount.PlatedataTest"/>
  <system-out/>
  <testcase name="ConfirmplatedataTest" time="1.707" classname="DubaiPoliceAccount.PlatedataTest"/>
  <system-out/>
</testsuite> <!-- DubaiPoliceAccount.PlatedataTest -->
