<?xml version="1.0" encoding="UTF-8"?>
<!-- Generated by org.testng.reporters.JUnitReportReporter -->
<testsuite skipped="0" hostname="AS-40" name="RTA.RTATest" tests="3" failures="0" timestamp="2023-01-16T16:04:24 EET" time="15.954" errors="0">
  <testcase name="confirmlocation" time="11.886" classname="RTA.RTATest"/>
  <system-out/>
  <testcase name="selectSubService" time="1.712" classname="RTA.RTATest"/>
  <system-out/>
  <testcase name="confirmSubService" time="2.356" classname="RTA.RTATest"/>
  <system-out/>
</testsuite> <!-- RTA.RTATest -->
