<?xml version="1.0" encoding="UTF-8"?>
<!-- Generated by org.testng.reporters.JUnitReportReporter -->
<testsuite skipped="0" hostname="AS-40" name="DubaiPoliceAccount.CaptureVehicleImageTest" tests="12" failures="0" timestamp="2023-01-09T11:13:08 EET" time="34.488" errors="0">
  <testcase name="ClicktakeImage" time="3.141" classname="DubaiPoliceAccount.CaptureVehicleImageTest"/>
  <system-out/>
  <testcase name="cameraTakeImage" time="4.282" classname="DubaiPoliceAccount.CaptureVehicleImageTest"/>
  <system-out/>
  <testcase name="ConfirmImage" time="2.405" classname="DubaiPoliceAccount.CaptureVehicleImageTest"/>
  <system-out/>
  <testcase name="clcikContentImage" time="1.932" classname="DubaiPoliceAccount.CaptureVehicleImageTest"/>
  <system-out/>
  <testcase name="delImage" time="2.722" classname="DubaiPoliceAccount.CaptureVehicleImageTest"/>
  <system-out/>
  <testcase name="ClicktakeImage2" time="1.636" classname="DubaiPoliceAccount.CaptureVehicleImageTest"/>
  <system-out/>
  <testcase name="cameraTakeImage2" time="3.523" classname="DubaiPoliceAccount.CaptureVehicleImageTest"/>
  <system-out/>
  <testcase name="ConfirmImage2" time="2.101" classname="DubaiPoliceAccount.CaptureVehicleImageTest"/>
  <system-out/>
  <testcase name="clcikContentImage2" time="3.943" classname="DubaiPoliceAccount.CaptureVehicleImageTest"/>
  <system-out/>
  <testcase name="RetakeImage" time="2.151" classname="DubaiPoliceAccount.CaptureVehicleImageTest"/>
  <system-out/>
  <testcase name="cameraTakeImage3" time="2.604" classname="DubaiPoliceAccount.CaptureVehicleImageTest"/>
  <system-out/>
  <testcase name="ConfirmImage3" time="4.048" classname="DubaiPoliceAccount.CaptureVehicleImageTest"/>
  <system-out/>
</testsuite> <!-- DubaiPoliceAccount.CaptureVehicleImageTest -->
