<?xml version="1.0" encoding="UTF-8"?>
<!-- Generated by org.testng.reporters.JUnitReportReporter -->
<testsuite skipped="0" hostname="AS-40" name="FujirahAccount.validPickUPLocationTest" tests="3" failures="0" timestamp="2023-01-10T14:19:50 EET" time="10.223" errors="0">
  <testcase name="Addingvalidpickup" time="4.876" classname="FujirahAccount.validPickUPLocationTest"/>
  <system-out/>
  <testcase name="SendFujirahPickupLocation" time="3.157" classname="FujirahAccount.validPickUPLocationTest"/>
  <system-out/>
  <testcase name="ClickSearchresultItem" time="2.190" classname="FujirahAccount.validPickUPLocationTest"/>
  <system-out/>
</testsuite> <!-- FujirahAccount.validPickUPLocationTest -->
