<?xml version="1.0" encoding="UTF-8"?>
<!-- Generated by org.testng.reporters.JUnitReportReporter -->
<testsuite skipped="0" hostname="AS-40" name="DubaiPoliceAccount.RequestCancelledTest" tests="1" failures="0" timestamp="2023-01-16T14:18:55 EET" time="3.946" errors="0">
  <testcase name="confirmRequestCancelledTest" time="3.946" classname="DubaiPoliceAccount.RequestCancelledTest"/>
  <system-out/>
</testsuite> <!-- DubaiPoliceAccount.RequestCancelledTest -->
