<?xml version="1.0" encoding="UTF-8"?>
<!-- Generated by org.testng.reporters.JUnitReportReporter -->
<testsuite skipped="0" hostname="AS-40" name="DubaiPoliceAccount.SelectVehicleWieghtTest" tests="2" failures="0" timestamp="2023-01-09T12:05:49 EET" time="3.434" errors="0">
  <testcase name="ClickweightlistTest" time="1.821" classname="DubaiPoliceAccount.SelectVehicleWieghtTest"/>
  <system-out/>
  <testcase name="SelectweightlistItemTest" time="1.613" classname="DubaiPoliceAccount.SelectVehicleWieghtTest"/>
  <system-out/>
</testsuite> <!-- DubaiPoliceAccount.SelectVehicleWieghtTest -->
