<?xml version="1.0" encoding="UTF-8"?>
<!-- Generated by org.testng.reporters.JUnitReportReporter -->
<testsuite skipped="0" hostname="AS-40" name="DubaiPoliceAccount.UpdateOwnerDataSectionTest" tests="7" failures="0" timestamp="2023-01-09T12:05:49 EET" time="14.850" errors="0">
  <testcase name="AddOwnerNameTest" time="2.413" classname="DubaiPoliceAccount.UpdateOwnerDataSectionTest"/>
  <system-out/>
  <testcase name="AddOwnerMobileNumberTest" time="2.345" classname="DubaiPoliceAccount.UpdateOwnerDataSectionTest"/>
  <system-out/>
  <testcase name="AddLicenceNumberTest" time="2.339" classname="DubaiPoliceAccount.UpdateOwnerDataSectionTest"/>
  <system-out/>
  <testcase name="AddLicenceIssueDate" time="1.672" classname="DubaiPoliceAccount.UpdateOwnerDataSectionTest"/>
  <system-out/>
  <testcase name="Clcikcalenderday" time="2.296" classname="DubaiPoliceAccount.UpdateOwnerDataSectionTest"/>
  <system-out/>
  <testcase name="Clcikconfirmcalendar" time="1.986" classname="DubaiPoliceAccount.UpdateOwnerDataSectionTest"/>
  <system-out/>
  <testcase name="ConfirmOwnerdata" time="1.799" classname="DubaiPoliceAccount.UpdateOwnerDataSectionTest"/>
  <system-out/>
</testsuite> <!-- DubaiPoliceAccount.UpdateOwnerDataSectionTest -->
