<?xml version="1.0" encoding="UTF-8"?>
<!-- Generated by org.testng.reporters.JUnitReportReporter -->
<testsuite skipped="17" hostname="AS-40" name="DubaiPoliceAccount.ImageeTest" tests="17" failures="0" timestamp="2022-12-18T11:08:52 EET" time="0.000" errors="0">
  <testcase name="showimagevalidation" time="0.000" classname="DubaiPoliceAccount.ImageeTest">
    <skipped/>
  </testcase> <!-- showimagevalidation -->
  <system-out/>
  <testcase name="validateerror" time="0.000" classname="DubaiPoliceAccount.ImageeTest">
    <skipped/>
  </testcase> <!-- validateerror -->
  <system-out/>
  <testcase name="takeImage" time="0.000" classname="DubaiPoliceAccount.ImageeTest">
    <skipped/>
  </testcase> <!-- takeImage -->
  <system-out/>
  <testcase name="allowcameraPermission" time="0.000" classname="DubaiPoliceAccount.ImageeTest">
    <skipped/>
  </testcase> <!-- allowcameraPermission -->
  <system-out/>
  <testcase name="cameraTakeImage1" time="0.000" classname="DubaiPoliceAccount.ImageeTest">
    <skipped/>
  </testcase> <!-- cameraTakeImage1 -->
  <system-out/>
  <testcase name="ConfirmImage" time="0.000" classname="DubaiPoliceAccount.ImageeTest">
    <skipped/>
  </testcase> <!-- ConfirmImage -->
  <system-out/>
  <testcase name="ClcikImage" time="0.000" classname="DubaiPoliceAccount.ImageeTest">
    <skipped/>
  </testcase> <!-- ClcikImage -->
  <system-out/>
  <testcase name="RetakeImage" time="0.000" classname="DubaiPoliceAccount.ImageeTest">
    <skipped/>
  </testcase> <!-- RetakeImage -->
  <system-out/>
  <testcase name="cameraTakeImage2" time="0.000" classname="DubaiPoliceAccount.ImageeTest">
    <skipped/>
  </testcase> <!-- cameraTakeImage2 -->
  <system-out/>
  <testcase name="ConfirmImage2" time="0.000" classname="DubaiPoliceAccount.ImageeTest">
    <skipped/>
  </testcase> <!-- ConfirmImage2 -->
  <system-out/>
  <testcase name="ClcikImage2" time="0.000" classname="DubaiPoliceAccount.ImageeTest">
    <skipped/>
  </testcase> <!-- ClcikImage2 -->
  <system-out/>
  <testcase name="deleteImage" time="0.000" classname="DubaiPoliceAccount.ImageeTest">
    <skipped/>
  </testcase> <!-- deleteImage -->
  <system-out/>
  <testcase name="takeImage3" time="0.000" classname="DubaiPoliceAccount.ImageeTest">
    <skipped/>
  </testcase> <!-- takeImage3 -->
  <system-out/>
  <testcase name="takeallphotos" time="0.000" classname="DubaiPoliceAccount.ImageeTest">
    <skipped/>
  </testcase> <!-- takeallphotos -->
  <system-out/>
  <testcase name="cameraTakeImage3" time="0.000" classname="DubaiPoliceAccount.ImageeTest">
    <skipped/>
  </testcase> <!-- cameraTakeImage3 -->
  <system-out/>
  <testcase name="ConfirmImage3" time="0.000" classname="DubaiPoliceAccount.ImageeTest">
    <skipped/>
  </testcase> <!-- ConfirmImage3 -->
  <system-out/>
  <testcase name="CoonfirmImagebutton" time="0.000" classname="DubaiPoliceAccount.ImageeTest">
    <skipped/>
  </testcase> <!-- CoonfirmImagebutton -->
  <system-out/>
</testsuite> <!-- DubaiPoliceAccount.ImageeTest -->
