<?xml version="1.0" encoding="UTF-8"?>
<!-- Generated by org.testng.reporters.JUnitReportReporter -->
<testsuite skipped="0" hostname="AS-40" name="DubaiPoliceAccount.UpdateOwnerDataTest" tests="1" failures="0" timestamp="2023-01-09T12:05:49 EET" time="1.707" errors="0">
  <testcase name="ClickownerdataTest" time="1.707" classname="DubaiPoliceAccount.UpdateOwnerDataTest"/>
  <system-out/>
</testsuite> <!-- DubaiPoliceAccount.UpdateOwnerDataTest -->
