<?xml version="1.0" encoding="UTF-8"?>
<!-- Generated by org.testng.reporters.JUnitReportReporter -->
<testsuite skipped="0" hostname="AS-40" name="RTA.TrackTest" tests="1" failures="0" timestamp="2023-01-16T10:37:46 EET" time="11.818" errors="0">
  <testcase name="clickTrack" time="11.818" classname="RTA.TrackTest"/>
  <system-out/>
</testsuite> <!-- RTA.TrackTest -->
