<?xml version="1.0" encoding="UTF-8"?>
<!-- Generated by org.testng.reporters.JUnitReportReporter -->
<testsuite skipped="0" hostname="AS-40" name="DubaiPoliceAccount.OwnerDataTest" tests="7" failures="0" timestamp="2023-01-09T11:13:08 EET" time="14.337" errors="0">
  <testcase name="AddOwnerNameTest" time="2.313" classname="DubaiPoliceAccount.OwnerDataTest"/>
  <system-out/>
  <testcase name="AddOwnerMobileNumberTest" time="2.242" classname="DubaiPoliceAccount.OwnerDataTest"/>
  <system-out/>
  <testcase name="AddLicenceNumberTest" time="2.270" classname="DubaiPoliceAccount.OwnerDataTest"/>
  <system-out/>
  <testcase name="AddLicenceIssueDate" time="1.715" classname="DubaiPoliceAccount.OwnerDataTest"/>
  <system-out/>
  <testcase name="Clcikcalenderday" time="2.326" classname="DubaiPoliceAccount.OwnerDataTest"/>
  <system-out/>
  <testcase name="Clcikconfirmcalendar" time="1.819" classname="DubaiPoliceAccount.OwnerDataTest"/>
  <system-out/>
  <testcase name="ConfirmOwnerdata" time="1.652" classname="DubaiPoliceAccount.OwnerDataTest"/>
  <system-out/>
</testsuite> <!-- DubaiPoliceAccount.OwnerDataTest -->
