<?xml version="1.0" encoding="UTF-8"?>
<!-- Generated by org.testng.reporters.JUnitReportReporter -->
<testsuite skipped="0" hostname="AS-40" name="RTA.ImageHappyPathTest" tests="5" failures="0" timestamp="2023-01-16T16:04:24 EET" time="11.676" errors="0">
  <testcase name="takeImage" time="1.783" classname="RTA.ImageHappyPathTest"/>
  <system-out/>
  <testcase name="allowcameraPermission" time="1.620" classname="RTA.ImageHappyPathTest"/>
  <system-out/>
  <testcase name="cameraTakeImage" time="3.621" classname="RTA.ImageHappyPathTest"/>
  <system-out/>
  <testcase name="ConfirmImage" time="1.734" classname="RTA.ImageHappyPathTest"/>
  <system-out/>
  <testcase name="ConfirmImagebutton" time="2.918" classname="RTA.ImageHappyPathTest"/>
  <system-out/>
</testsuite> <!-- RTA.ImageHappyPathTest -->
