<?xml version="1.0" encoding="UTF-8"?>
<!-- Generated by org.testng.reporters.JUnitReportReporter -->
<testsuite skipped="0" hostname="AS-40" name="PolicedriverApi.API_Driver_Login_Test" tests="1" failures="0" timestamp="2023-01-11T12:00:28 EET" time="3.163" errors="0">
  <testcase name="driverLogin" time="3.163" classname="PolicedriverApi.API_Driver_Login_Test"/>
  <system-out/>
</testsuite> <!-- PolicedriverApi.API_Driver_Login_Test -->
