<?xml version="1.0" encoding="UTF-8"?>
<!-- Generated by org.testng.reporters.JUnitReportReporter -->
<testsuite skipped="0" hostname="AS-40" name="fleetAndAdminFujirah.OpenFleetAndAssignPoliceRequestTest" tests="1" failures="0" timestamp="2023-01-10T14:19:50 EET" time="57.365" errors="0">
  <testcase name="OpenFleetURL" time="57.365" classname="fleetAndAdminFujirah.OpenFleetAndAssignPoliceRequestTest"/>
  <system-out/>
</testsuite> <!-- fleetAndAdminFujirah.OpenFleetAndAssignPoliceRequestTest -->
