<?xml version="1.0" encoding="UTF-8"?>
<!-- Generated by org.testng.reporters.JUnitReportReporter -->
<testsuite skipped="8" hostname="AS-40" name="profile.Profile_GalleryImageTest" tests="8" failures="0" timestamp="2023-01-16T12:38:28 EET" time="0.000" errors="0">
  <testcase name="clickprofiletabFromMenu" time="0.000" classname="profile.Profile_GalleryImageTest">
    <skipped/>
  </testcase> <!-- clickprofiletabFromMenu -->
  <system-out/>
  <testcase name="ImageOtions" time="0.000" classname="profile.Profile_GalleryImageTest">
    <skipped/>
  </testcase> <!-- ImageOtions -->
  <system-out/>
  <testcase name="GalleryImage" time="0.000" classname="profile.Profile_GalleryImageTest">
    <skipped/>
  </testcase> <!-- GalleryImage -->
  <system-out/>
  <testcase name="Clickgalleryoption" time="0.000" classname="profile.Profile_GalleryImageTest">
    <skipped/>
  </testcase> <!-- Clickgalleryoption -->
  <system-out/>
  <testcase name="scrollitems" time="0.000" classname="profile.Profile_GalleryImageTest">
    <skipped/>
  </testcase> <!-- scrollitems -->
  <system-out/>
  <testcase name="SaveButton" time="0.000" classname="profile.Profile_GalleryImageTest">
    <skipped/>
  </testcase> <!-- SaveButton -->
  <system-out/>
  <testcase name="dissmissPopup" time="0.000" classname="profile.Profile_GalleryImageTest">
    <skipped/>
  </testcase> <!-- dissmissPopup -->
  <system-out/>
  <testcase name="ClickMenu" time="0.000" classname="profile.Profile_GalleryImageTest">
    <skipped/>
  </testcase> <!-- ClickMenu -->
  <system-out/>
</testsuite> <!-- profile.Profile_GalleryImageTest -->
