<?xml version="1.0" encoding="UTF-8"?>
<!-- Generated by org.testng.reporters.JUnitReportReporter -->
<testsuite skipped="0" hostname="AS-40" name="RTA.SummeryHappyPathTest" tests="1" failures="0" timestamp="2023-01-16T16:04:24 EET" time="16.682" errors="0">
  <testcase name="confirmSummery" time="16.682" classname="RTA.SummeryHappyPathTest"/>
  <system-out/>
</testsuite> <!-- RTA.SummeryHappyPathTest -->
