<?xml version="1.0" encoding="UTF-8"?>
<!-- Generated by org.testng.reporters.JUnitReportReporter -->
<testsuite skipped="0" hostname="AS-40" name="Dubai_FleetAndAdmin.Cancel_From_AdminRequest_Test" tests="8" failures="0" timestamp="2023-01-16T14:18:55 EET" time="49.577" errors="0">
  <testcase name="setup" time="4.153" classname="Dubai_FleetAndAdmin.Cancel_From_AdminRequest_Test"/>
  <system-out/>
  <testcase name="loginTest" time="9.784" classname="Dubai_FleetAndAdmin.Cancel_From_AdminRequest_Test"/>
  <system-out/>
  <testcase name="OpenRequest" time="12.842" classname="Dubai_FleetAndAdmin.Cancel_From_AdminRequest_Test"/>
  <system-out/>
  <testcase name="SearchWithMobileNumber" time="16.525" classname="Dubai_FleetAndAdmin.Cancel_From_AdminRequest_Test"/>
  <system-out/>
  <testcase name="GetRequestAndJobOrderID" time="3.100" classname="Dubai_FleetAndAdmin.Cancel_From_AdminRequest_Test"/>
  <system-out/>
  <testcase name="OpenAction" time="1.055" classname="Dubai_FleetAndAdmin.Cancel_From_AdminRequest_Test"/>
  <system-out/>
  <testcase name="Cancel" time="1.088" classname="Dubai_FleetAndAdmin.Cancel_From_AdminRequest_Test"/>
  <system-out/>
  <testcase name="Confirm_cancel" time="1.030" classname="Dubai_FleetAndAdmin.Cancel_From_AdminRequest_Test"/>
  <system-out/>
</testsuite> <!-- Dubai_FleetAndAdmin.Cancel_From_AdminRequest_Test -->
