<?xml version="1.0" encoding="UTF-8"?>
<!-- Generated by org.testng.reporters.JUnitReportReporter -->
<testsuite skipped="0" hostname="AS-40" name="Dubai_FleetAndAdmin.Admin_GetGobId_Test" tests="5" failures="0" timestamp="2023-01-11T15:57:43 EET" time="44.364" errors="0">
  <testcase name="setup" time="3.397" classname="Dubai_FleetAndAdmin.Admin_GetGobId_Test"/>
  <system-out/>
  <testcase name="loginTest" time="8.939" classname="Dubai_FleetAndAdmin.Admin_GetGobId_Test"/>
  <system-out/>
  <testcase name="OpenRequest" time="12.367" classname="Dubai_FleetAndAdmin.Admin_GetGobId_Test"/>
  <system-out/>
  <testcase name="SearchWithMobileNumber" time="16.538" classname="Dubai_FleetAndAdmin.Admin_GetGobId_Test"/>
  <system-out/>
  <testcase name="GetRequestAndJobOrderID" time="3.123" classname="Dubai_FleetAndAdmin.Admin_GetGobId_Test"/>
  <system-out/>
</testsuite> <!-- Dubai_FleetAndAdmin.Admin_GetGobId_Test -->
