<?xml version="1.0" encoding="UTF-8"?>
<!-- Generated by org.testng.reporters.JUnitReportReporter -->
<testsuite skipped="0" hostname="AS-40" name="DubaiPoliceAccount.AssertVehicleDataTest" tests="1" failures="0" timestamp="2023-01-09T12:05:49 EET" time="6.195" errors="0">
  <testcase name="AssertVehicleDataSection" time="6.195" classname="DubaiPoliceAccount.AssertVehicleDataTest"/>
  <system-out/>
</testsuite> <!-- DubaiPoliceAccount.AssertVehicleDataTest -->
