<?xml version="1.0" encoding="UTF-8"?>
<!-- Generated by org.testng.reporters.JUnitReportReporter -->
<testsuite skipped="0" hostname="AS-40" name="DubaiPoliceAccount.VehicleMakeAndModelTest" tests="6" failures="0" timestamp="2023-01-09T11:13:08 EET" time="13.238" errors="0">
  <testcase name="SelectMakeTest" time="1.767" classname="DubaiPoliceAccount.VehicleMakeAndModelTest"/>
  <system-out/>
  <testcase name="dragsheetTest" time="2.711" classname="DubaiPoliceAccount.VehicleMakeAndModelTest"/>
  <system-out/>
  <testcase name="SelectMakeItemTest" time="2.440" classname="DubaiPoliceAccount.VehicleMakeAndModelTest"/>
  <system-out/>
  <testcase name="SelectModelTest" time="1.818" classname="DubaiPoliceAccount.VehicleMakeAndModelTest"/>
  <system-out/>
  <testcase name="SelectModelItemTest" time="2.304" classname="DubaiPoliceAccount.VehicleMakeAndModelTest"/>
  <system-out/>
  <testcase name="scrolldownTest" time="2.198" classname="DubaiPoliceAccount.VehicleMakeAndModelTest"/>
  <system-out/>
</testsuite> <!-- DubaiPoliceAccount.VehicleMakeAndModelTest -->
