<?xml version="1.0" encoding="UTF-8"?>
<!-- Generated by org.testng.reporters.JUnitReportReporter -->
<testsuite skipped="0" hostname="AS-40" name="DubaiPoliceAccount.UpdateYearTest" tests="2" failures="0" timestamp="2023-01-09T12:05:49 EET" time="3.318" errors="0">
  <testcase name="ClickYearTest" time="1.638" classname="DubaiPoliceAccount.UpdateYearTest"/>
  <system-out/>
  <testcase name="SelectYearItemTest" time="1.680" classname="DubaiPoliceAccount.UpdateYearTest"/>
  <system-out/>
</testsuite> <!-- DubaiPoliceAccount.UpdateYearTest -->
