<?xml version="1.0" encoding="UTF-8"?>
<!-- Generated by org.testng.reporters.JUnitReportReporter -->
<testsuite skipped="9" hostname="AS-40" name="profile.Profile_TakeCameraImageTest" tests="9" failures="0" timestamp="2023-01-16T12:38:28 EET" time="0.000" errors="0">
  <testcase name="clickprofiletabFromMenu" time="0.000" classname="profile.Profile_TakeCameraImageTest">
    <skipped/>
  </testcase> <!-- clickprofiletabFromMenu -->
  <system-out/>
  <testcase name="ImageOtionscenterIcon" time="0.000" classname="profile.Profile_TakeCameraImageTest">
    <skipped/>
  </testcase> <!-- ImageOtionscenterIcon -->
  <system-out/>
  <testcase name="CaptureImage" time="0.000" classname="profile.Profile_TakeCameraImageTest">
    <skipped/>
  </testcase> <!-- CaptureImage -->
  <system-out/>
  <testcase name="camera" time="0.000" classname="profile.Profile_TakeCameraImageTest">
    <skipped/>
  </testcase> <!-- camera -->
  <system-out/>
  <testcase name="confirmImage" time="0.000" classname="profile.Profile_TakeCameraImageTest">
    <skipped/>
  </testcase> <!-- confirmImage -->
  <system-out/>
  <testcase name="scrollitems" time="0.000" classname="profile.Profile_TakeCameraImageTest">
    <skipped/>
  </testcase> <!-- scrollitems -->
  <system-out/>
  <testcase name="SaveButton" time="0.000" classname="profile.Profile_TakeCameraImageTest">
    <skipped/>
  </testcase> <!-- SaveButton -->
  <system-out/>
  <testcase name="dissmissPopup" time="0.000" classname="profile.Profile_TakeCameraImageTest">
    <skipped/>
  </testcase> <!-- dissmissPopup -->
  <system-out/>
  <testcase name="ClickMenu" time="0.000" classname="profile.Profile_TakeCameraImageTest">
    <skipped/>
  </testcase> <!-- ClickMenu -->
  <system-out/>
</testsuite> <!-- profile.Profile_TakeCameraImageTest -->
