<?xml version="1.0" encoding="UTF-8"?>
<!-- Generated by org.testng.reporters.JUnitReportReporter -->
<testsuite skipped="0" hostname="AS-40" name="DubaiPoliceAccount.ImpoundDataTest" tests="8" failures="0" timestamp="2023-01-09T11:13:08 EET" time="14.660" errors="0">
  <testcase name="AddMorgateToTest" time="1.721" classname="DubaiPoliceAccount.ImpoundDataTest"/>
  <system-out/>
  <testcase name="AddReasonsTest" time="1.608" classname="DubaiPoliceAccount.ImpoundDataTest"/>
  <system-out/>
  <testcase name="AddCaseNumberTest" time="1.617" classname="DubaiPoliceAccount.ImpoundDataTest"/>
  <system-out/>
  <testcase name="AddNoteTest" time="1.717" classname="DubaiPoliceAccount.ImpoundDataTest"/>
  <system-out/>
  <testcase name="SwitchCustodyToggleONTest" time="1.671" classname="DubaiPoliceAccount.ImpoundDataTest"/>
  <system-out/>
  <testcase name="scrolldownTest" time="2.062" classname="DubaiPoliceAccount.ImpoundDataTest"/>
  <system-out/>
  <testcase name="AddCustodyNoteest" time="1.727" classname="DubaiPoliceAccount.ImpoundDataTest"/>
  <system-out/>
  <testcase name="ConfirmImpounddataTest" time="2.537" classname="DubaiPoliceAccount.ImpoundDataTest"/>
  <system-out/>
</testsuite> <!-- DubaiPoliceAccount.ImpoundDataTest -->
