<?xml version="1.0" encoding="UTF-8"?>
<!-- Generated by org.testng.reporters.JUnitReportReporter -->
<testsuite skipped="0" hostname="AS-40" name="fleetAndAdminFujirah.OpenAdminAndGetJobOrderIdFujirahRequestITest" tests="1" failures="0" timestamp="2023-01-10T14:19:50 EET" time="30.577" errors="0">
  <testcase name="OpenAdminURL" time="30.577" classname="fleetAndAdminFujirah.OpenAdminAndGetJobOrderIdFujirahRequestITest"/>
  <system-out/>
</testsuite> <!-- fleetAndAdminFujirah.OpenAdminAndGetJobOrderIdFujirahRequestITest -->
