<?xml version="1.0" encoding="UTF-8"?>
<!-- Generated by org.testng.reporters.JUnitReportReporter -->
<testsuite hostname="AS-40" failures="0" tests="5" name="testyou.testcases.HomePageTest" time="5.722" errors="0" timestamp="2023-03-31T04:36:26 EET" skipped="0">
  <testcase classname="testyou.testcases.HomePageTest" name="setup" time="4.306"/>
  <system-out/>
  <testcase classname="testyou.testcases.HomePageTest" name="addusername" time="0.173"/>
  <system-out/>
  <testcase classname="testyou.testcases.HomePageTest" name="addpassword" time="0.117"/>
  <system-out/>
  <testcase classname="testyou.testcases.HomePageTest" name="submit" time="1.045"/>
  <system-out/>
  <testcase classname="testyou.testcases.HomePageTest" name="checkvalidationError" time="0.081"/>
  <system-out/>
</testsuite> <!-- testyou.testcases.HomePageTest -->
