<?xml version="1.0" encoding="UTF-8"?>
<!-- Generated by org.testng.reporters.JUnitReportReporter -->
<testsuite skipped="0" hostname="AS-40" name="RTA_FleetAndAdmin.Cancel_From_AdminRequest_Test" tests="8" failures="0" timestamp="2023-01-16T15:50:18 EET" time="52.924" errors="0">
  <testcase name="setup" time="7.521" classname="RTA_FleetAndAdmin.Cancel_From_AdminRequest_Test"/>
  <system-out/>
  <testcase name="loginTest" time="9.528" classname="RTA_FleetAndAdmin.Cancel_From_AdminRequest_Test"/>
  <system-out/>
  <testcase name="OpenRequest" time="13.114" classname="RTA_FleetAndAdmin.Cancel_From_AdminRequest_Test"/>
  <system-out/>
  <testcase name="SearchWithMobileNumber" time="16.517" classname="RTA_FleetAndAdmin.Cancel_From_AdminRequest_Test"/>
  <system-out/>
  <testcase name="GetRequestAndJobOrderID" time="3.092" classname="RTA_FleetAndAdmin.Cancel_From_AdminRequest_Test"/>
  <system-out/>
  <testcase name="OpenAction" time="1.037" classname="RTA_FleetAndAdmin.Cancel_From_AdminRequest_Test"/>
  <system-out/>
  <testcase name="Cancel" time="1.069" classname="RTA_FleetAndAdmin.Cancel_From_AdminRequest_Test"/>
  <system-out/>
  <testcase name="Confirm_cancel" time="1.046" classname="RTA_FleetAndAdmin.Cancel_From_AdminRequest_Test"/>
  <system-out/>
</testsuite> <!-- RTA_FleetAndAdmin.Cancel_From_AdminRequest_Test -->
