<?xml version="1.0" encoding="UTF-8"?>
<!-- Generated by org.testng.reporters.JUnitReportReporter -->
<testsuite skipped="0" hostname="AS-40" name="DubaiPoliceAccount.RequestCompletedTest" tests="1" failures="0" timestamp="2023-01-11T12:00:28 EET" time="2.566" errors="0">
  <testcase name="confirmRequestCompletedTest" time="2.566" classname="DubaiPoliceAccount.RequestCompletedTest"/>
  <system-out/>
</testsuite> <!-- DubaiPoliceAccount.RequestCompletedTest -->
