<?xml version="1.0" encoding="UTF-8"?>
<!-- Generated by org.testng.reporters.JUnitReportReporter -->
<testsuite skipped="0" hostname="AS-40" name="DubaiPoliceAccount.SelectHasKeyTest" tests="1" failures="0" timestamp="2023-01-09T12:05:49 EET" time="1.668" errors="0">
  <testcase name="HasKeyTest" time="1.668" classname="DubaiPoliceAccount.SelectHasKeyTest"/>
  <system-out/>
</testsuite> <!-- DubaiPoliceAccount.SelectHasKeyTest -->
