<?xml version="1.0" encoding="UTF-8"?>
<!-- Generated by org.testng.reporters.JUnitReportReporter -->
<testsuite skipped="0" hostname="AS-40" name="Dubai_FleetAndAdmin.Check_Status_Cancel_In_Admin_Test" tests="6" failures="0" timestamp="2023-01-16T14:27:41 EET" time="53.746" errors="0">
  <testcase name="setup" time="4.160" classname="Dubai_FleetAndAdmin.Check_Status_Cancel_In_Admin_Test"/>
  <system-out/>
  <testcase name="loginTest" time="16.562" classname="Dubai_FleetAndAdmin.Check_Status_Cancel_In_Admin_Test"/>
  <system-out/>
  <testcase name="OpenRequest" time="13.320" classname="Dubai_FleetAndAdmin.Check_Status_Cancel_In_Admin_Test"/>
  <system-out/>
  <testcase name="SearchWithMobileNumber" time="16.537" classname="Dubai_FleetAndAdmin.Check_Status_Cancel_In_Admin_Test"/>
  <system-out/>
  <testcase name="checkCancelStatus" time="0.040" classname="Dubai_FleetAndAdmin.Check_Status_Cancel_In_Admin_Test"/>
  <system-out/>
  <testcase name="GetRequestAndJobOrderID" time="3.127" classname="Dubai_FleetAndAdmin.Check_Status_Cancel_In_Admin_Test"/>
  <system-out/>
</testsuite> <!-- Dubai_FleetAndAdmin.Check_Status_Cancel_In_Admin_Test -->
