<?xml version="1.0" encoding="UTF-8"?>
<!-- Generated by org.testng.reporters.JUnitReportReporter -->
<testsuite skipped="0" hostname="AS-40" name="common.FristItemCompleteTest" tests="2" failures="0" timestamp="2023-01-09T12:05:49 EET" time="4.953" errors="0">
  <testcase name="ClickFristItem" time="3.276" classname="common.FristItemCompleteTest"/>
  <system-out/>
  <testcase name="completeData" time="1.677" classname="common.FristItemCompleteTest"/>
  <system-out/>
</testsuite> <!-- common.FristItemCompleteTest -->
