<?xml version="1.0" encoding="UTF-8"?>
<!-- Generated by org.testng.reporters.JUnitReportReporter -->
<testsuite skipped="31" hostname="AS-40" name="DubaiPoliceAccount.SummeryTest" tests="31" failures="0" timestamp="2022-12-18T11:08:52 EET" time="0.000" errors="0">
  <testcase name="EditLocationIcon" time="0.000" classname="DubaiPoliceAccount.SummeryTest">
    <skipped/>
  </testcase> <!-- EditLocationIcon -->
  <system-out/>
  <testcase name="MoveMap" time="0.000" classname="DubaiPoliceAccount.SummeryTest">
    <skipped/>
  </testcase> <!-- MoveMap -->
  <system-out/>
  <testcase name="confirmlocation" time="0.000" classname="DubaiPoliceAccount.SummeryTest">
    <skipped/>
  </testcase> <!-- confirmlocation -->
  <system-out/>
  <testcase name="EditSubServiceNumberAndSelectionIcon" time="0.000" classname="DubaiPoliceAccount.SummeryTest">
    <skipped/>
  </testcase> <!-- EditSubServiceNumberAndSelectionIcon -->
  <system-out/>
  <testcase name="EditSubServiceNumberPlusIcon1" time="0.000" classname="DubaiPoliceAccount.SummeryTest">
    <skipped/>
  </testcase> <!-- EditSubServiceNumberPlusIcon1 -->
  <system-out/>
  <testcase name="EditSubServiceNumberPlusIcon2" time="0.000" classname="DubaiPoliceAccount.SummeryTest">
    <skipped/>
  </testcase> <!-- EditSubServiceNumberPlusIcon2 -->
  <system-out/>
  <testcase name="EditSubServiceNumberPlusIcon3" time="0.000" classname="DubaiPoliceAccount.SummeryTest">
    <skipped/>
  </testcase> <!-- EditSubServiceNumberPlusIcon3 -->
  <system-out/>
  <testcase name="EditSubServiceNumberPlusIcon4" time="0.000" classname="DubaiPoliceAccount.SummeryTest">
    <skipped/>
  </testcase> <!-- EditSubServiceNumberPlusIcon4 -->
  <system-out/>
  <testcase name="EditSubServiceNumberminusIcon1" time="0.000" classname="DubaiPoliceAccount.SummeryTest">
    <skipped/>
  </testcase> <!-- EditSubServiceNumberminusIcon1 -->
  <system-out/>
  <testcase name="EditSubServiceNumberminusIcon2" time="0.000" classname="DubaiPoliceAccount.SummeryTest">
    <skipped/>
  </testcase> <!-- EditSubServiceNumberminusIcon2 -->
  <system-out/>
  <testcase name="EditSubServiceNumberminusIcon3" time="0.000" classname="DubaiPoliceAccount.SummeryTest">
    <skipped/>
  </testcase> <!-- EditSubServiceNumberminusIcon3 -->
  <system-out/>
  <testcase name="EditSubServiceNumberminusIcon4" time="0.000" classname="DubaiPoliceAccount.SummeryTest">
    <skipped/>
  </testcase> <!-- EditSubServiceNumberminusIcon4 -->
  <system-out/>
  <testcase name="ConfirmEditSubService" time="0.000" classname="DubaiPoliceAccount.SummeryTest">
    <skipped/>
  </testcase> <!-- ConfirmEditSubService -->
  <system-out/>
  <testcase name="EditropOffIcon" time="0.000" classname="DubaiPoliceAccount.SummeryTest">
    <skipped/>
  </testcase> <!-- EditropOffIcon -->
  <system-out/>
  <testcase name="SelectropOff" time="0.000" classname="DubaiPoliceAccount.SummeryTest">
    <skipped/>
  </testcase> <!-- SelectropOff -->
  <system-out/>
  <testcase name="confirmdropOff" time="0.000" classname="DubaiPoliceAccount.SummeryTest">
    <skipped/>
  </testcase> <!-- confirmdropOff -->
  <system-out/>
  <testcase name="EditImageIcon" time="0.000" classname="DubaiPoliceAccount.SummeryTest">
    <skipped/>
  </testcase> <!-- EditImageIcon -->
  <system-out/>
  <testcase name="takeImageEdit" time="0.000" classname="DubaiPoliceAccount.SummeryTest">
    <skipped/>
  </testcase> <!-- takeImageEdit -->
  <system-out/>
  <testcase name="cameraTakeImageEdit" time="0.000" classname="DubaiPoliceAccount.SummeryTest">
    <skipped/>
  </testcase> <!-- cameraTakeImageEdit -->
  <system-out/>
  <testcase name="ConfirmImageEdit" time="0.000" classname="DubaiPoliceAccount.SummeryTest">
    <skipped/>
  </testcase> <!-- ConfirmImageEdit -->
  <system-out/>
  <testcase name="ConfirmImagebuttonEdit" time="0.000" classname="DubaiPoliceAccount.SummeryTest">
    <skipped/>
  </testcase> <!-- ConfirmImagebuttonEdit -->
  <system-out/>
  <testcase name="EditLocationIcon2" time="0.000" classname="DubaiPoliceAccount.SummeryTest">
    <skipped/>
  </testcase> <!-- EditLocationIcon2 -->
  <system-out/>
  <testcase name="backIcon1" time="0.000" classname="DubaiPoliceAccount.SummeryTest">
    <skipped/>
  </testcase> <!-- backIcon1 -->
  <system-out/>
  <testcase name="EditSubServiceNumberAndSelectionIcon2" time="0.000" classname="DubaiPoliceAccount.SummeryTest">
    <skipped/>
  </testcase> <!-- EditSubServiceNumberAndSelectionIcon2 -->
  <system-out/>
  <testcase name="backIcon2" time="0.000" classname="DubaiPoliceAccount.SummeryTest">
    <skipped/>
  </testcase> <!-- backIcon2 -->
  <system-out/>
  <testcase name="EditropOffIcon2" time="0.000" classname="DubaiPoliceAccount.SummeryTest">
    <skipped/>
  </testcase> <!-- EditropOffIcon2 -->
  <system-out/>
  <testcase name="backIcon3" time="0.000" classname="DubaiPoliceAccount.SummeryTest">
    <skipped/>
  </testcase> <!-- backIcon3 -->
  <system-out/>
  <testcase name="EditImageIcon2" time="0.000" classname="DubaiPoliceAccount.SummeryTest">
    <skipped/>
  </testcase> <!-- EditImageIcon2 -->
  <system-out/>
  <testcase name="backIcon4" time="0.000" classname="DubaiPoliceAccount.SummeryTest">
    <skipped/>
  </testcase> <!-- backIcon4 -->
  <system-out/>
  <testcase name="confirmSummery" time="0.000" classname="DubaiPoliceAccount.SummeryTest">
    <skipped/>
  </testcase> <!-- confirmSummery -->
  <system-out/>
  <testcase name="viewRequestetails" time="0.000" classname="DubaiPoliceAccount.SummeryTest">
    <skipped/>
  </testcase> <!-- viewRequestetails -->
  <system-out/>
</testsuite> <!-- DubaiPoliceAccount.SummeryTest -->
