<?xml version="1.0" encoding="UTF-8"?>
<!-- Generated by org.testng.reporters.JUnitReportReporter -->
<testsuite skipped="0" hostname="AS-40" name="RTA.SaveAsDraftTest" tests="2" failures="0" timestamp="2023-01-16T10:37:46 EET" time="11.698" errors="0">
  <testcase name="clickBack" time="10.034" classname="RTA.SaveAsDraftTest"/>
  <system-out/>
  <testcase name="SaveAsdraft" time="1.664" classname="RTA.SaveAsDraftTest"/>
  <system-out/>
</testsuite> <!-- RTA.SaveAsDraftTest -->
