<?xml version="1.0" encoding="UTF-8"?>
<!-- Generated by org.testng.reporters.JUnitReportReporter -->
<testsuite skipped="0" hostname="AS-40" name="RTA.DropOffTest" tests="1" failures="0" timestamp="2023-01-16T16:04:24 EET" time="2.049" errors="0">
  <testcase name="confirmdropOff" time="2.049" classname="RTA.DropOffTest"/>
  <system-out/>
</testsuite> <!-- RTA.DropOffTest -->
