<?xml version="1.0" encoding="UTF-8"?>
<!-- Generated by org.testng.reporters.JUnitReportReporter -->
<testsuite skipped="0" hostname="AS-40" name="DubaiPoliceAccount.DubaiPoliceTest" tests="3" failures="0" timestamp="2023-01-16T14:56:12 EET" time="10.988" errors="0">
  <testcase name="confirmlocation" time="6.815" classname="DubaiPoliceAccount.DubaiPoliceTest"/>
  <system-out/>
  <testcase name="selectSubService" time="2.387" classname="DubaiPoliceAccount.DubaiPoliceTest"/>
  <system-out/>
  <testcase name="confirmSubService" time="1.786" classname="DubaiPoliceAccount.DubaiPoliceTest"/>
  <system-out/>
</testsuite> <!-- DubaiPoliceAccount.DubaiPoliceTest -->
