<?xml version="1.0" encoding="UTF-8"?>
<!-- Generated by org.testng.reporters.JUnitReportReporter -->
<testsuite skipped="0" hostname="AS-40" name="FujirahAccount.Fujirah_confirm_LocationTest" tests="1" failures="0" timestamp="2023-01-10T14:19:50 EET" time="2.969" errors="0">
  <testcase name="confirmlocation" time="2.969" classname="FujirahAccount.Fujirah_confirm_LocationTest"/>
  <system-out/>
</testsuite> <!-- FujirahAccount.Fujirah_confirm_LocationTest -->
