<?xml version="1.0" encoding="UTF-8"?>
<!-- Generated by org.testng.reporters.JUnitReportReporter -->
<testsuite skipped="0" hostname="AS-40" name="DubaiPoliceAccount.InvalidVehicleDataInfoTest" tests="7" failures="0" timestamp="2022-12-12T13:41:05 EET" time="22.752" errors="0">
  <testcase name="scrolldownTest" time="3.256" classname="DubaiPoliceAccount.InvalidVehicleDataInfoTest"/>
  <system-out/>
  <testcase name="confirmVehicleTest" time="3.499" classname="DubaiPoliceAccount.InvalidVehicleDataInfoTest"/>
  <system-out/>
  <testcase name="AssertMandatoryModelTest" time="2.809" classname="DubaiPoliceAccount.InvalidVehicleDataInfoTest"/>
  <system-out/>
  <testcase name="AssertMandatoryChassisNumberTest" time="2.982" classname="DubaiPoliceAccount.InvalidVehicleDataInfoTest"/>
  <system-out/>
  <testcase name="scrollUpTest" time="3.966" classname="DubaiPoliceAccount.InvalidVehicleDataInfoTest"/>
  <system-out/>
  <testcase name="AssertMandatoryMakeTest" time="3.355" classname="DubaiPoliceAccount.InvalidVehicleDataInfoTest"/>
  <system-out/>
  <testcase name="AssertMandatoryImageTest" time="2.885" classname="DubaiPoliceAccount.InvalidVehicleDataInfoTest"/>
  <system-out/>
</testsuite> <!-- DubaiPoliceAccount.InvalidVehicleDataInfoTest -->
