<?xml version="1.0" encoding="UTF-8"?>
<!-- Generated by org.testng.reporters.JUnitReportReporter -->
<testsuite skipped="11" hostname="AS-40" name="DubaiPoliceAccount.InvalidOwnerDataTest" tests="11" failures="0" timestamp="2022-12-18T12:28:23 EET" time="0.000" errors="0">
  <testcase name="ConfirmOwnerdatawithoutAddValue" time="0.000" classname="DubaiPoliceAccount.InvalidOwnerDataTest">
    <skipped/>
  </testcase> <!-- ConfirmOwnerdatawithoutAddValue -->
  <system-out/>
  <testcase name="AssertMobileNumberTest" time="0.000" classname="DubaiPoliceAccount.InvalidOwnerDataTest">
    <skipped/>
  </testcase> <!-- AssertMobileNumberTest -->
  <system-out/>
  <testcase name="AssertOwnerNameTest" time="0.000" classname="DubaiPoliceAccount.InvalidOwnerDataTest">
    <skipped/>
  </testcase> <!-- AssertOwnerNameTest -->
  <system-out/>
  <testcase name="AddOwnerNameTest" time="0.000" classname="DubaiPoliceAccount.InvalidOwnerDataTest">
    <skipped/>
  </testcase> <!-- AddOwnerNameTest -->
  <system-out/>
  <testcase name="AddOwnerMobileNumberTest" time="0.000" classname="DubaiPoliceAccount.InvalidOwnerDataTest">
    <skipped/>
  </testcase> <!-- AddOwnerMobileNumberTest -->
  <system-out/>
  <testcase name="AddLicenceNumberTest" time="0.000" classname="DubaiPoliceAccount.InvalidOwnerDataTest">
    <skipped/>
  </testcase> <!-- AddLicenceNumberTest -->
  <system-out/>
  <testcase name="AddLicenceIssueDate" time="0.000" classname="DubaiPoliceAccount.InvalidOwnerDataTest">
    <skipped/>
  </testcase> <!-- AddLicenceIssueDate -->
  <system-out/>
  <testcase name="Clcikcalenderday" time="0.000" classname="DubaiPoliceAccount.InvalidOwnerDataTest">
    <skipped/>
  </testcase> <!-- Clcikcalenderday -->
  <system-out/>
  <testcase name="Clcikconfirmcalendar" time="0.000" classname="DubaiPoliceAccount.InvalidOwnerDataTest">
    <skipped/>
  </testcase> <!-- Clcikconfirmcalendar -->
  <system-out/>
  <testcase name="ConfirmOwnerdata" time="0.000" classname="DubaiPoliceAccount.InvalidOwnerDataTest">
    <skipped/>
  </testcase> <!-- ConfirmOwnerdata -->
  <system-out/>
  <testcase name="AssertIssueLicenseTest" time="0.000" classname="DubaiPoliceAccount.InvalidOwnerDataTest">
    <skipped/>
  </testcase> <!-- AssertIssueLicenseTest -->
  <system-out/>
</testsuite> <!-- DubaiPoliceAccount.InvalidOwnerDataTest -->
