<?xml version="1.0" encoding="UTF-8"?>
<!-- Generated by org.testng.reporters.JUnitReportReporter -->
<testsuite skipped="10" hostname="AS-40" name="DubaiPoliceAccount.checkProfileValidationTest" tests="10" failures="0" timestamp="2022-12-18T11:05:23 EET" time="0.000" errors="0">
  <testcase name="CheckProfileDataIsIncompleteMessage" time="0.000" classname="DubaiPoliceAccount.checkProfileValidationTest">
    <skipped/>
  </testcase> <!-- CheckProfileDataIsIncompleteMessage -->
  <system-out/>
  <testcase name="AClickSave" time="0.000" classname="DubaiPoliceAccount.checkProfileValidationTest">
    <skipped/>
  </testcase> <!-- AClickSave -->
  <system-out/>
  <testcase name="validateNameError" time="0.000" classname="DubaiPoliceAccount.checkProfileValidationTest">
    <skipped/>
  </testcase> <!-- validateNameError -->
  <system-out/>
  <testcase name="validateMilitaryError" time="0.000" classname="DubaiPoliceAccount.checkProfileValidationTest">
    <skipped/>
  </testcase> <!-- validateMilitaryError -->
  <system-out/>
  <testcase name="preformScrollAction" time="0.000" classname="DubaiPoliceAccount.checkProfileValidationTest">
    <skipped/>
  </testcase> <!-- preformScrollAction -->
  <system-out/>
  <testcase name="validateRankError" time="0.000" classname="DubaiPoliceAccount.checkProfileValidationTest">
    <skipped/>
  </testcase> <!-- validateRankError -->
  <system-out/>
  <testcase name="validatedepartmentError" time="0.000" classname="DubaiPoliceAccount.checkProfileValidationTest">
    <skipped/>
  </testcase> <!-- validatedepartmentError -->
  <system-out/>
  <testcase name="validateStationError" time="0.000" classname="DubaiPoliceAccount.checkProfileValidationTest">
    <skipped/>
  </testcase> <!-- validateStationError -->
  <system-out/>
  <testcase name="validateSignitureError" time="0.000" classname="DubaiPoliceAccount.checkProfileValidationTest">
    <skipped/>
  </testcase> <!-- validateSignitureError -->
  <system-out/>
  <testcase name="preformScrollUpAction" time="0.000" classname="DubaiPoliceAccount.checkProfileValidationTest">
    <skipped/>
  </testcase> <!-- preformScrollUpAction -->
  <system-out/>
</testsuite> <!-- DubaiPoliceAccount.checkProfileValidationTest -->
